CRITICAL - 2024-03-11 15:07:41 --> CodeIgniter\View\Exceptions\ViewException: Invalid file: "news/view.php"
in SYSTEMPATH\Exceptions\FrameworkException.php on line 39.
 1 SYSTEMPATH\View\View.php(216): CodeIgniter\Exceptions\FrameworkException::forInvalidFile('news/view.php')
 2 SYSTEMPATH\Common.php(1178): CodeIgniter\View\View->render('news/view', [], true)
 3 APPPATH\Controllers\News.php(39): view('news/view')
 4 SYSTEMPATH\CodeIgniter.php(941): App\Controllers\News->show('Penampilan musik langsung di taman kota')
 5 SYSTEMPATH\CodeIgniter.php(502): CodeIgniter\CodeIgniter->runController(Object(App\Controllers\News))
 6 SYSTEMPATH\CodeIgniter.php(361): CodeIgniter\CodeIgniter->handleRequest(null, Object(Config\Cache), false)
 7 FCPATH\index.php(81): CodeIgniter\CodeIgniter->run()
 8 SYSTEMPATH\Commands\Server\rewrite.php(47): require_once('D:\\web\\PBF\\ci4\\public\\index.php')
CRITICAL - 2024-03-11 15:07:48 --> CodeIgniter\View\Exceptions\ViewException: Invalid file: "news/view.php"
in SYSTEMPATH\Exceptions\FrameworkException.php on line 39.
 1 SYSTEMPATH\View\View.php(216): CodeIgniter\Exceptions\FrameworkException::forInvalidFile('news/view.php')
 2 SYSTEMPATH\Common.php(1178): CodeIgniter\View\View->render('news/view', [], true)
 3 APPPATH\Controllers\News.php(39): view('news/view')
 4 SYSTEMPATH\CodeIgniter.php(941): App\Controllers\News->show('Pameran seni lokal')
 5 SYSTEMPATH\CodeIgniter.php(502): CodeIgniter\CodeIgniter->runController(Object(App\Controllers\News))
 6 SYSTEMPATH\CodeIgniter.php(361): CodeIgniter\CodeIgniter->handleRequest(null, Object(Config\Cache), false)
 7 FCPATH\index.php(81): CodeIgniter\CodeIgniter->run()
 8 SYSTEMPATH\Commands\Server\rewrite.php(47): require_once('D:\\web\\PBF\\ci4\\public\\index.php')
CRITICAL - 2024-03-11 23:06:36 --> CodeIgniter\View\Exceptions\ViewException: Invalid file: "blog_view.php"
in SYSTEMPATH\Exceptions\FrameworkException.php on line 39.
 1 SYSTEMPATH\View\View.php(216): CodeIgniter\Exceptions\FrameworkException::forInvalidFile('blog_view.php')
 2 SYSTEMPATH\Common.php(1178): CodeIgniter\View\View->render('blog_view', [], true)
 3 APPPATH\Controllers\Blog.php(9): view('blog_view')
 4 SYSTEMPATH\CodeIgniter.php(941): App\Controllers\Blog->index()
 5 SYSTEMPATH\CodeIgniter.php(502): CodeIgniter\CodeIgniter->runController(Object(App\Controllers\Blog))
 6 SYSTEMPATH\CodeIgniter.php(361): CodeIgniter\CodeIgniter->handleRequest(null, Object(Config\Cache), false)
 7 FCPATH\index.php(81): CodeIgniter\CodeIgniter->run()
 8 SYSTEMPATH\Commands\Server\rewrite.php(47): require_once('D:\\web\\PBF\\ci4\\public\\index.php')
CRITICAL - 2024-03-11 23:11:11 --> ErrorException: Undefined variable $title
in APPPATH\Views\templates\header.php on line 10.
 1 APPPATH\Views\templates\header.php(10): CodeIgniter\Debug\Exceptions->errorHandler(2, 'Undefined variable $title', 'D:\\web\\PBF\\ci4\\app\\Views\\templates\\header.php', 10)
 2 SYSTEMPATH\View\View.php(228): include('D:\\web\\PBF\\ci4\\app\\Views\\templates\\header.php')
 3 SYSTEMPATH\View\View.php(231): CodeIgniter\View\View->CodeIgniter\View\{closure}()
 4 SYSTEMPATH\Common.php(1178): CodeIgniter\View\View->render('templates/header', [], true)
 5 APPPATH\Controllers\Blog.php(10): view('templates/header')
 6 SYSTEMPATH\CodeIgniter.php(941): App\Controllers\Blog->index()
 7 SYSTEMPATH\CodeIgniter.php(502): CodeIgniter\CodeIgniter->runController(Object(App\Controllers\Blog))
 8 SYSTEMPATH\CodeIgniter.php(361): CodeIgniter\CodeIgniter->handleRequest(null, Object(Config\Cache), false)
 9 FCPATH\index.php(81): CodeIgniter\CodeIgniter->run()
10 SYSTEMPATH\Commands\Server\rewrite.php(47): require_once('D:\\web\\PBF\\ci4\\public\\index.php')
CRITICAL - 2024-03-11 23:11:12 --> ErrorException: Undefined variable $title
in APPPATH\Views\templates\header.php on line 10.
 1 APPPATH\Views\templates\header.php(10): CodeIgniter\Debug\Exceptions->errorHandler(2, 'Undefined variable $title', 'D:\\web\\PBF\\ci4\\app\\Views\\templates\\header.php', 10)
 2 SYSTEMPATH\View\View.php(228): include('D:\\web\\PBF\\ci4\\app\\Views\\templates\\header.php')
 3 SYSTEMPATH\View\View.php(231): CodeIgniter\View\View->CodeIgniter\View\{closure}()
 4 SYSTEMPATH\Common.php(1178): CodeIgniter\View\View->render('templates/header', [], true)
 5 APPPATH\Controllers\Blog.php(10): view('templates/header')
 6 SYSTEMPATH\CodeIgniter.php(941): App\Controllers\Blog->index()
 7 SYSTEMPATH\CodeIgniter.php(502): CodeIgniter\CodeIgniter->runController(Object(App\Controllers\Blog))
 8 SYSTEMPATH\CodeIgniter.php(361): CodeIgniter\CodeIgniter->handleRequest(null, Object(Config\Cache), false)
 9 FCPATH\index.php(81): CodeIgniter\CodeIgniter->run()
10 SYSTEMPATH\Commands\Server\rewrite.php(47): require_once('D:\\web\\PBF\\ci4\\public\\index.php')
CRITICAL - 2024-03-11 23:28:48 --> CodeIgniter\View\Exceptions\ViewException: Invalid file: "app\Views\blog\blog_view.php"
in SYSTEMPATH\Exceptions\FrameworkException.php on line 39.
 1 SYSTEMPATH\View\View.php(216): CodeIgniter\Exceptions\FrameworkException::forInvalidFile('app\\Views\\blog\\blog_view.php')
 2 SYSTEMPATH\Common.php(1178): CodeIgniter\View\View->render('app\\Views\\blog\\blog_view', [], true)
 3 APPPATH\Views\blog\blog_view.php(2): view('app\\Views\\blog\\blog_view')
 4 SYSTEMPATH\View\View.php(228): include('D:\\web\\PBF\\ci4\\app\\Views\\blog\\blog_view.php')
 5 SYSTEMPATH\View\View.php(231): CodeIgniter\View\View->CodeIgniter\View\{closure}()
 6 SYSTEMPATH\Common.php(1178): CodeIgniter\View\View->render('blog/blog_view', [], true)
 7 APPPATH\Controllers\Blog.php(9): view('blog/blog_view')
 8 SYSTEMPATH\CodeIgniter.php(941): App\Controllers\Blog->index()
 9 SYSTEMPATH\CodeIgniter.php(502): CodeIgniter\CodeIgniter->runController(Object(App\Controllers\Blog))
10 SYSTEMPATH\CodeIgniter.php(361): CodeIgniter\CodeIgniter->handleRequest(null, Object(Config\Cache), false)
11 FCPATH\index.php(81): CodeIgniter\CodeIgniter->run()
12 SYSTEMPATH\Commands\Server\rewrite.php(47): require_once('D:\\web\\PBF\\ci4\\public\\index.php')
CRITICAL - 2024-03-11 23:28:49 --> CodeIgniter\View\Exceptions\ViewException: Invalid file: "app\Views\blog\blog_view.php"
in SYSTEMPATH\Exceptions\FrameworkException.php on line 39.
 1 SYSTEMPATH\View\View.php(216): CodeIgniter\Exceptions\FrameworkException::forInvalidFile('app\\Views\\blog\\blog_view.php')
 2 SYSTEMPATH\Common.php(1178): CodeIgniter\View\View->render('app\\Views\\blog\\blog_view', [], true)
 3 APPPATH\Views\blog\blog_view.php(2): view('app\\Views\\blog\\blog_view')
 4 SYSTEMPATH\View\View.php(228): include('D:\\web\\PBF\\ci4\\app\\Views\\blog\\blog_view.php')
 5 SYSTEMPATH\View\View.php(231): CodeIgniter\View\View->CodeIgniter\View\{closure}()
 6 SYSTEMPATH\Common.php(1178): CodeIgniter\View\View->render('blog/blog_view', [], true)
 7 APPPATH\Controllers\Blog.php(9): view('blog/blog_view')
 8 SYSTEMPATH\CodeIgniter.php(941): App\Controllers\Blog->index()
 9 SYSTEMPATH\CodeIgniter.php(502): CodeIgniter\CodeIgniter->runController(Object(App\Controllers\Blog))
10 SYSTEMPATH\CodeIgniter.php(361): CodeIgniter\CodeIgniter->handleRequest(null, Object(Config\Cache), false)
11 FCPATH\index.php(81): CodeIgniter\CodeIgniter->run()
12 SYSTEMPATH\Commands\Server\rewrite.php(47): require_once('D:\\web\\PBF\\ci4\\public\\index.php')
CRITICAL - 2024-03-11 23:28:49 --> CodeIgniter\View\Exceptions\ViewException: Invalid file: "app\Views\blog\blog_view.php"
in SYSTEMPATH\Exceptions\FrameworkException.php on line 39.
 1 SYSTEMPATH\View\View.php(216): CodeIgniter\Exceptions\FrameworkException::forInvalidFile('app\\Views\\blog\\blog_view.php')
 2 SYSTEMPATH\Common.php(1178): CodeIgniter\View\View->render('app\\Views\\blog\\blog_view', [], true)
 3 APPPATH\Views\blog\blog_view.php(2): view('app\\Views\\blog\\blog_view')
 4 SYSTEMPATH\View\View.php(228): include('D:\\web\\PBF\\ci4\\app\\Views\\blog\\blog_view.php')
 5 SYSTEMPATH\View\View.php(231): CodeIgniter\View\View->CodeIgniter\View\{closure}()
 6 SYSTEMPATH\Common.php(1178): CodeIgniter\View\View->render('blog/blog_view', [], true)
 7 APPPATH\Controllers\Blog.php(9): view('blog/blog_view')
 8 SYSTEMPATH\CodeIgniter.php(941): App\Controllers\Blog->index()
 9 SYSTEMPATH\CodeIgniter.php(502): CodeIgniter\CodeIgniter->runController(Object(App\Controllers\Blog))
10 SYSTEMPATH\CodeIgniter.php(361): CodeIgniter\CodeIgniter->handleRequest(null, Object(Config\Cache), false)
11 FCPATH\index.php(81): CodeIgniter\CodeIgniter->run()
12 SYSTEMPATH\Commands\Server\rewrite.php(47): require_once('D:\\web\\PBF\\ci4\\public\\index.php')
CRITICAL - 2024-03-11 23:28:50 --> CodeIgniter\View\Exceptions\ViewException: Invalid file: "app\Views\blog\blog_view.php"
in SYSTEMPATH\Exceptions\FrameworkException.php on line 39.
 1 SYSTEMPATH\View\View.php(216): CodeIgniter\Exceptions\FrameworkException::forInvalidFile('app\\Views\\blog\\blog_view.php')
 2 SYSTEMPATH\Common.php(1178): CodeIgniter\View\View->render('app\\Views\\blog\\blog_view', [], true)
 3 APPPATH\Views\blog\blog_view.php(2): view('app\\Views\\blog\\blog_view')
 4 SYSTEMPATH\View\View.php(228): include('D:\\web\\PBF\\ci4\\app\\Views\\blog\\blog_view.php')
 5 SYSTEMPATH\View\View.php(231): CodeIgniter\View\View->CodeIgniter\View\{closure}()
 6 SYSTEMPATH\Common.php(1178): CodeIgniter\View\View->render('blog/blog_view', [], true)
 7 APPPATH\Controllers\Blog.php(9): view('blog/blog_view')
 8 SYSTEMPATH\CodeIgniter.php(941): App\Controllers\Blog->index()
 9 SYSTEMPATH\CodeIgniter.php(502): CodeIgniter\CodeIgniter->runController(Object(App\Controllers\Blog))
10 SYSTEMPATH\CodeIgniter.php(361): CodeIgniter\CodeIgniter->handleRequest(null, Object(Config\Cache), false)
11 FCPATH\index.php(81): CodeIgniter\CodeIgniter->run()
12 SYSTEMPATH\Commands\Server\rewrite.php(47): require_once('D:\\web\\PBF\\ci4\\public\\index.php')
CRITICAL - 2024-03-11 23:28:50 --> CodeIgniter\View\Exceptions\ViewException: Invalid file: "app\Views\blog\blog_view.php"
in SYSTEMPATH\Exceptions\FrameworkException.php on line 39.
 1 SYSTEMPATH\View\View.php(216): CodeIgniter\Exceptions\FrameworkException::forInvalidFile('app\\Views\\blog\\blog_view.php')
 2 SYSTEMPATH\Common.php(1178): CodeIgniter\View\View->render('app\\Views\\blog\\blog_view', [], true)
 3 APPPATH\Views\blog\blog_view.php(2): view('app\\Views\\blog\\blog_view')
 4 SYSTEMPATH\View\View.php(228): include('D:\\web\\PBF\\ci4\\app\\Views\\blog\\blog_view.php')
 5 SYSTEMPATH\View\View.php(231): CodeIgniter\View\View->CodeIgniter\View\{closure}()
 6 SYSTEMPATH\Common.php(1178): CodeIgniter\View\View->render('blog/blog_view', [], true)
 7 APPPATH\Controllers\Blog.php(9): view('blog/blog_view')
 8 SYSTEMPATH\CodeIgniter.php(941): App\Controllers\Blog->index()
 9 SYSTEMPATH\CodeIgniter.php(502): CodeIgniter\CodeIgniter->runController(Object(App\Controllers\Blog))
10 SYSTEMPATH\CodeIgniter.php(361): CodeIgniter\CodeIgniter->handleRequest(null, Object(Config\Cache), false)
11 FCPATH\index.php(81): CodeIgniter\CodeIgniter->run()
12 SYSTEMPATH\Commands\Server\rewrite.php(47): require_once('D:\\web\\PBF\\ci4\\public\\index.php')
CRITICAL - 2024-03-11 23:28:50 --> CodeIgniter\View\Exceptions\ViewException: Invalid file: "app\Views\blog\blog_view.php"
in SYSTEMPATH\Exceptions\FrameworkException.php on line 39.
 1 SYSTEMPATH\View\View.php(216): CodeIgniter\Exceptions\FrameworkException::forInvalidFile('app\\Views\\blog\\blog_view.php')
 2 SYSTEMPATH\Common.php(1178): CodeIgniter\View\View->render('app\\Views\\blog\\blog_view', [], true)
 3 APPPATH\Views\blog\blog_view.php(2): view('app\\Views\\blog\\blog_view')
 4 SYSTEMPATH\View\View.php(228): include('D:\\web\\PBF\\ci4\\app\\Views\\blog\\blog_view.php')
 5 SYSTEMPATH\View\View.php(231): CodeIgniter\View\View->CodeIgniter\View\{closure}()
 6 SYSTEMPATH\Common.php(1178): CodeIgniter\View\View->render('blog/blog_view', [], true)
 7 APPPATH\Controllers\Blog.php(9): view('blog/blog_view')
 8 SYSTEMPATH\CodeIgniter.php(941): App\Controllers\Blog->index()
 9 SYSTEMPATH\CodeIgniter.php(502): CodeIgniter\CodeIgniter->runController(Object(App\Controllers\Blog))
10 SYSTEMPATH\CodeIgniter.php(361): CodeIgniter\CodeIgniter->handleRequest(null, Object(Config\Cache), false)
11 FCPATH\index.php(81): CodeIgniter\CodeIgniter->run()
12 SYSTEMPATH\Commands\Server\rewrite.php(47): require_once('D:\\web\\PBF\\ci4\\public\\index.php')
CRITICAL - 2024-03-11 23:28:51 --> CodeIgniter\View\Exceptions\ViewException: Invalid file: "app\Views\blog\blog_view.php"
in SYSTEMPATH\Exceptions\FrameworkException.php on line 39.
 1 SYSTEMPATH\View\View.php(216): CodeIgniter\Exceptions\FrameworkException::forInvalidFile('app\\Views\\blog\\blog_view.php')
 2 SYSTEMPATH\Common.php(1178): CodeIgniter\View\View->render('app\\Views\\blog\\blog_view', [], true)
 3 APPPATH\Views\blog\blog_view.php(2): view('app\\Views\\blog\\blog_view')
 4 SYSTEMPATH\View\View.php(228): include('D:\\web\\PBF\\ci4\\app\\Views\\blog\\blog_view.php')
 5 SYSTEMPATH\View\View.php(231): CodeIgniter\View\View->CodeIgniter\View\{closure}()
 6 SYSTEMPATH\Common.php(1178): CodeIgniter\View\View->render('blog/blog_view', [], true)
 7 APPPATH\Controllers\Blog.php(9): view('blog/blog_view')
 8 SYSTEMPATH\CodeIgniter.php(941): App\Controllers\Blog->index()
 9 SYSTEMPATH\CodeIgniter.php(502): CodeIgniter\CodeIgniter->runController(Object(App\Controllers\Blog))
10 SYSTEMPATH\CodeIgniter.php(361): CodeIgniter\CodeIgniter->handleRequest(null, Object(Config\Cache), false)
11 FCPATH\index.php(81): CodeIgniter\CodeIgniter->run()
12 SYSTEMPATH\Commands\Server\rewrite.php(47): require_once('D:\\web\\PBF\\ci4\\public\\index.php')
CRITICAL - 2024-03-11 23:28:51 --> CodeIgniter\View\Exceptions\ViewException: Invalid file: "app\Views\blog\blog_view.php"
in SYSTEMPATH\Exceptions\FrameworkException.php on line 39.
 1 SYSTEMPATH\View\View.php(216): CodeIgniter\Exceptions\FrameworkException::forInvalidFile('app\\Views\\blog\\blog_view.php')
 2 SYSTEMPATH\Common.php(1178): CodeIgniter\View\View->render('app\\Views\\blog\\blog_view', [], true)
 3 APPPATH\Views\blog\blog_view.php(2): view('app\\Views\\blog\\blog_view')
 4 SYSTEMPATH\View\View.php(228): include('D:\\web\\PBF\\ci4\\app\\Views\\blog\\blog_view.php')
 5 SYSTEMPATH\View\View.php(231): CodeIgniter\View\View->CodeIgniter\View\{closure}()
 6 SYSTEMPATH\Common.php(1178): CodeIgniter\View\View->render('blog/blog_view', [], true)
 7 APPPATH\Controllers\Blog.php(9): view('blog/blog_view')
 8 SYSTEMPATH\CodeIgniter.php(941): App\Controllers\Blog->index()
 9 SYSTEMPATH\CodeIgniter.php(502): CodeIgniter\CodeIgniter->runController(Object(App\Controllers\Blog))
10 SYSTEMPATH\CodeIgniter.php(361): CodeIgniter\CodeIgniter->handleRequest(null, Object(Config\Cache), false)
11 FCPATH\index.php(81): CodeIgniter\CodeIgniter->run()
12 SYSTEMPATH\Commands\Server\rewrite.php(47): require_once('D:\\web\\PBF\\ci4\\public\\index.php')
CRITICAL - 2024-03-11 23:28:52 --> CodeIgniter\View\Exceptions\ViewException: Invalid file: "app\Views\blog\blog_view.php"
in SYSTEMPATH\Exceptions\FrameworkException.php on line 39.
 1 SYSTEMPATH\View\View.php(216): CodeIgniter\Exceptions\FrameworkException::forInvalidFile('app\\Views\\blog\\blog_view.php')
 2 SYSTEMPATH\Common.php(1178): CodeIgniter\View\View->render('app\\Views\\blog\\blog_view', [], true)
 3 APPPATH\Views\blog\blog_view.php(2): view('app\\Views\\blog\\blog_view')
 4 SYSTEMPATH\View\View.php(228): include('D:\\web\\PBF\\ci4\\app\\Views\\blog\\blog_view.php')
 5 SYSTEMPATH\View\View.php(231): CodeIgniter\View\View->CodeIgniter\View\{closure}()
 6 SYSTEMPATH\Common.php(1178): CodeIgniter\View\View->render('blog/blog_view', [], true)
 7 APPPATH\Controllers\Blog.php(9): view('blog/blog_view')
 8 SYSTEMPATH\CodeIgniter.php(941): App\Controllers\Blog->index()
 9 SYSTEMPATH\CodeIgniter.php(502): CodeIgniter\CodeIgniter->runController(Object(App\Controllers\Blog))
10 SYSTEMPATH\CodeIgniter.php(361): CodeIgniter\CodeIgniter->handleRequest(null, Object(Config\Cache), false)
11 FCPATH\index.php(81): CodeIgniter\CodeIgniter->run()
12 SYSTEMPATH\Commands\Server\rewrite.php(47): require_once('D:\\web\\PBF\\ci4\\public\\index.php')
CRITICAL - 2024-03-11 23:28:52 --> CodeIgniter\View\Exceptions\ViewException: Invalid file: "app\Views\blog\blog_view.php"
in SYSTEMPATH\Exceptions\FrameworkException.php on line 39.
 1 SYSTEMPATH\View\View.php(216): CodeIgniter\Exceptions\FrameworkException::forInvalidFile('app\\Views\\blog\\blog_view.php')
 2 SYSTEMPATH\Common.php(1178): CodeIgniter\View\View->render('app\\Views\\blog\\blog_view', [], true)
 3 APPPATH\Views\blog\blog_view.php(2): view('app\\Views\\blog\\blog_view')
 4 SYSTEMPATH\View\View.php(228): include('D:\\web\\PBF\\ci4\\app\\Views\\blog\\blog_view.php')
 5 SYSTEMPATH\View\View.php(231): CodeIgniter\View\View->CodeIgniter\View\{closure}()
 6 SYSTEMPATH\Common.php(1178): CodeIgniter\View\View->render('blog/blog_view', [], true)
 7 APPPATH\Controllers\Blog.php(9): view('blog/blog_view')
 8 SYSTEMPATH\CodeIgniter.php(941): App\Controllers\Blog->index()
 9 SYSTEMPATH\CodeIgniter.php(502): CodeIgniter\CodeIgniter->runController(Object(App\Controllers\Blog))
10 SYSTEMPATH\CodeIgniter.php(361): CodeIgniter\CodeIgniter->handleRequest(null, Object(Config\Cache), false)
11 FCPATH\index.php(81): CodeIgniter\CodeIgniter->run()
12 SYSTEMPATH\Commands\Server\rewrite.php(47): require_once('D:\\web\\PBF\\ci4\\public\\index.php')
CRITICAL - 2024-03-11 23:28:52 --> CodeIgniter\View\Exceptions\ViewException: Invalid file: "app\Views\blog\blog_view.php"
in SYSTEMPATH\Exceptions\FrameworkException.php on line 39.
 1 SYSTEMPATH\View\View.php(216): CodeIgniter\Exceptions\FrameworkException::forInvalidFile('app\\Views\\blog\\blog_view.php')
 2 SYSTEMPATH\Common.php(1178): CodeIgniter\View\View->render('app\\Views\\blog\\blog_view', [], true)
 3 APPPATH\Views\blog\blog_view.php(2): view('app\\Views\\blog\\blog_view')
 4 SYSTEMPATH\View\View.php(228): include('D:\\web\\PBF\\ci4\\app\\Views\\blog\\blog_view.php')
 5 SYSTEMPATH\View\View.php(231): CodeIgniter\View\View->CodeIgniter\View\{closure}()
 6 SYSTEMPATH\Common.php(1178): CodeIgniter\View\View->render('blog/blog_view', [], true)
 7 APPPATH\Controllers\Blog.php(9): view('blog/blog_view')
 8 SYSTEMPATH\CodeIgniter.php(941): App\Controllers\Blog->index()
 9 SYSTEMPATH\CodeIgniter.php(502): CodeIgniter\CodeIgniter->runController(Object(App\Controllers\Blog))
10 SYSTEMPATH\CodeIgniter.php(361): CodeIgniter\CodeIgniter->handleRequest(null, Object(Config\Cache), false)
11 FCPATH\index.php(81): CodeIgniter\CodeIgniter->run()
12 SYSTEMPATH\Commands\Server\rewrite.php(47): require_once('D:\\web\\PBF\\ci4\\public\\index.php')
CRITICAL - 2024-03-11 23:29:22 --> CodeIgniter\View\Exceptions\ViewException: Invalid file: "ci4\app\Views\blog\blog_view.php"
in SYSTEMPATH\Exceptions\FrameworkException.php on line 39.
 1 SYSTEMPATH\View\View.php(216): CodeIgniter\Exceptions\FrameworkException::forInvalidFile('ci4\\app\\Views\\blog\\blog_view.php')
 2 SYSTEMPATH\Common.php(1178): CodeIgniter\View\View->render('ci4\\app\\Views\\blog\\blog_view', [], true)
 3 APPPATH\Views\blog\blog_view.php(2): view('ci4\\app\\Views\\blog\\blog_view')
 4 SYSTEMPATH\View\View.php(228): include('D:\\web\\PBF\\ci4\\app\\Views\\blog\\blog_view.php')
 5 SYSTEMPATH\View\View.php(231): CodeIgniter\View\View->CodeIgniter\View\{closure}()
 6 SYSTEMPATH\Common.php(1178): CodeIgniter\View\View->render('blog/blog_view', [], true)
 7 APPPATH\Controllers\Blog.php(9): view('blog/blog_view')
 8 SYSTEMPATH\CodeIgniter.php(941): App\Controllers\Blog->index()
 9 SYSTEMPATH\CodeIgniter.php(502): CodeIgniter\CodeIgniter->runController(Object(App\Controllers\Blog))
10 SYSTEMPATH\CodeIgniter.php(361): CodeIgniter\CodeIgniter->handleRequest(null, Object(Config\Cache), false)
11 FCPATH\index.php(81): CodeIgniter\CodeIgniter->run()
12 SYSTEMPATH\Commands\Server\rewrite.php(47): require_once('D:\\web\\PBF\\ci4\\public\\index.php')
CRITICAL - 2024-03-11 23:29:23 --> CodeIgniter\View\Exceptions\ViewException: Invalid file: "ci4\app\Views\blog\blog_view.php"
in SYSTEMPATH\Exceptions\FrameworkException.php on line 39.
 1 SYSTEMPATH\View\View.php(216): CodeIgniter\Exceptions\FrameworkException::forInvalidFile('ci4\\app\\Views\\blog\\blog_view.php')
 2 SYSTEMPATH\Common.php(1178): CodeIgniter\View\View->render('ci4\\app\\Views\\blog\\blog_view', [], true)
 3 APPPATH\Views\blog\blog_view.php(2): view('ci4\\app\\Views\\blog\\blog_view')
 4 SYSTEMPATH\View\View.php(228): include('D:\\web\\PBF\\ci4\\app\\Views\\blog\\blog_view.php')
 5 SYSTEMPATH\View\View.php(231): CodeIgniter\View\View->CodeIgniter\View\{closure}()
 6 SYSTEMPATH\Common.php(1178): CodeIgniter\View\View->render('blog/blog_view', [], true)
 7 APPPATH\Controllers\Blog.php(9): view('blog/blog_view')
 8 SYSTEMPATH\CodeIgniter.php(941): App\Controllers\Blog->index()
 9 SYSTEMPATH\CodeIgniter.php(502): CodeIgniter\CodeIgniter->runController(Object(App\Controllers\Blog))
10 SYSTEMPATH\CodeIgniter.php(361): CodeIgniter\CodeIgniter->handleRequest(null, Object(Config\Cache), false)
11 FCPATH\index.php(81): CodeIgniter\CodeIgniter->run()
12 SYSTEMPATH\Commands\Server\rewrite.php(47): require_once('D:\\web\\PBF\\ci4\\public\\index.php')
CRITICAL - 2024-03-11 23:31:44 --> CodeIgniter\View\Exceptions\ViewException: Invalid file: "app\Views\blog\blog_view.php"
in SYSTEMPATH\Exceptions\FrameworkException.php on line 39.
 1 SYSTEMPATH\View\View.php(216): CodeIgniter\Exceptions\FrameworkException::forInvalidFile('app\\Views\\blog\\blog_view.php')
 2 SYSTEMPATH\Common.php(1178): CodeIgniter\View\View->render('app\\Views\\blog\\blog_view', [], true)
 3 APPPATH\Views\blog\blog_view.php(11): view('app\\Views\\blog\\blog_view')
 4 SYSTEMPATH\View\View.php(228): include('D:\\web\\PBF\\ci4\\app\\Views\\blog\\blog_view.php')
 5 SYSTEMPATH\View\View.php(231): CodeIgniter\View\View->CodeIgniter\View\{closure}()
 6 SYSTEMPATH\Common.php(1178): CodeIgniter\View\View->render('blog/blog_view', [], true)
 7 APPPATH\Controllers\Blog.php(9): view('blog/blog_view')
 8 SYSTEMPATH\CodeIgniter.php(941): App\Controllers\Blog->index()
 9 SYSTEMPATH\CodeIgniter.php(502): CodeIgniter\CodeIgniter->runController(Object(App\Controllers\Blog))
10 SYSTEMPATH\CodeIgniter.php(361): CodeIgniter\CodeIgniter->handleRequest(null, Object(Config\Cache), false)
11 FCPATH\index.php(81): CodeIgniter\CodeIgniter->run()
12 SYSTEMPATH\Commands\Server\rewrite.php(47): require_once('D:\\web\\PBF\\ci4\\public\\index.php')
CRITICAL - 2024-03-11 23:35:06 --> ErrorException: Undefined variable $title
in APPPATH\Views\blog\blog_view.php on line 4.
 1 APPPATH\Views\blog\blog_view.php(4): CodeIgniter\Debug\Exceptions->errorHandler(2, 'Undefined variable $title', 'D:\\web\\PBF\\ci4\\app\\Views\\blog\\blog_view.php', 4)
 2 SYSTEMPATH\View\View.php(228): include('D:\\web\\PBF\\ci4\\app\\Views\\blog\\blog_view.php')
 3 SYSTEMPATH\View\View.php(231): CodeIgniter\View\View->CodeIgniter\View\{closure}()
 4 SYSTEMPATH\Common.php(1178): CodeIgniter\View\View->render('blog/blog_view', [], true)
 5 APPPATH\Controllers\Blog.php(11): view('blog/blog_view')
 6 SYSTEMPATH\CodeIgniter.php(941): App\Controllers\Blog->index()
 7 SYSTEMPATH\CodeIgniter.php(502): CodeIgniter\CodeIgniter->runController(Object(App\Controllers\Blog))
 8 SYSTEMPATH\CodeIgniter.php(361): CodeIgniter\CodeIgniter->handleRequest(null, Object(Config\Cache), false)
 9 FCPATH\index.php(81): CodeIgniter\CodeIgniter->run()
10 SYSTEMPATH\Commands\Server\rewrite.php(47): require_once('D:\\web\\PBF\\ci4\\public\\index.php')
CRITICAL - 2024-03-11 23:35:08 --> ErrorException: Undefined variable $title
in APPPATH\Views\blog\blog_view.php on line 4.
 1 APPPATH\Views\blog\blog_view.php(4): CodeIgniter\Debug\Exceptions->errorHandler(2, 'Undefined variable $title', 'D:\\web\\PBF\\ci4\\app\\Views\\blog\\blog_view.php', 4)
 2 SYSTEMPATH\View\View.php(228): include('D:\\web\\PBF\\ci4\\app\\Views\\blog\\blog_view.php')
 3 SYSTEMPATH\View\View.php(231): CodeIgniter\View\View->CodeIgniter\View\{closure}()
 4 SYSTEMPATH\Common.php(1178): CodeIgniter\View\View->render('blog/blog_view', [], true)
 5 APPPATH\Controllers\Blog.php(11): view('blog/blog_view')
 6 SYSTEMPATH\CodeIgniter.php(941): App\Controllers\Blog->index()
 7 SYSTEMPATH\CodeIgniter.php(502): CodeIgniter\CodeIgniter->runController(Object(App\Controllers\Blog))
 8 SYSTEMPATH\CodeIgniter.php(361): CodeIgniter\CodeIgniter->handleRequest(null, Object(Config\Cache), false)
 9 FCPATH\index.php(81): CodeIgniter\CodeIgniter->run()
10 SYSTEMPATH\Commands\Server\rewrite.php(47): require_once('D:\\web\\PBF\\ci4\\public\\index.php')
CRITICAL - 2024-03-11 23:35:09 --> ErrorException: Undefined variable $title
in APPPATH\Views\blog\blog_view.php on line 4.
 1 APPPATH\Views\blog\blog_view.php(4): CodeIgniter\Debug\Exceptions->errorHandler(2, 'Undefined variable $title', 'D:\\web\\PBF\\ci4\\app\\Views\\blog\\blog_view.php', 4)
 2 SYSTEMPATH\View\View.php(228): include('D:\\web\\PBF\\ci4\\app\\Views\\blog\\blog_view.php')
 3 SYSTEMPATH\View\View.php(231): CodeIgniter\View\View->CodeIgniter\View\{closure}()
 4 SYSTEMPATH\Common.php(1178): CodeIgniter\View\View->render('blog/blog_view', [], true)
 5 APPPATH\Controllers\Blog.php(11): view('blog/blog_view')
 6 SYSTEMPATH\CodeIgniter.php(941): App\Controllers\Blog->index()
 7 SYSTEMPATH\CodeIgniter.php(502): CodeIgniter\CodeIgniter->runController(Object(App\Controllers\Blog))
 8 SYSTEMPATH\CodeIgniter.php(361): CodeIgniter\CodeIgniter->handleRequest(null, Object(Config\Cache), false)
 9 FCPATH\index.php(81): CodeIgniter\CodeIgniter->run()
10 SYSTEMPATH\Commands\Server\rewrite.php(47): require_once('D:\\web\\PBF\\ci4\\public\\index.php')
CRITICAL - 2024-03-11 23:35:10 --> ErrorException: Undefined variable $title
in APPPATH\Views\blog\blog_view.php on line 4.
 1 APPPATH\Views\blog\blog_view.php(4): CodeIgniter\Debug\Exceptions->errorHandler(2, 'Undefined variable $title', 'D:\\web\\PBF\\ci4\\app\\Views\\blog\\blog_view.php', 4)
 2 SYSTEMPATH\View\View.php(228): include('D:\\web\\PBF\\ci4\\app\\Views\\blog\\blog_view.php')
 3 SYSTEMPATH\View\View.php(231): CodeIgniter\View\View->CodeIgniter\View\{closure}()
 4 SYSTEMPATH\Common.php(1178): CodeIgniter\View\View->render('blog/blog_view', [], true)
 5 APPPATH\Controllers\Blog.php(11): view('blog/blog_view')
 6 SYSTEMPATH\CodeIgniter.php(941): App\Controllers\Blog->index()
 7 SYSTEMPATH\CodeIgniter.php(502): CodeIgniter\CodeIgniter->runController(Object(App\Controllers\Blog))
 8 SYSTEMPATH\CodeIgniter.php(361): CodeIgniter\CodeIgniter->handleRequest(null, Object(Config\Cache), false)
 9 FCPATH\index.php(81): CodeIgniter\CodeIgniter->run()
10 SYSTEMPATH\Commands\Server\rewrite.php(47): require_once('D:\\web\\PBF\\ci4\\public\\index.php')
CRITICAL - 2024-03-11 23:35:10 --> ErrorException: Undefined variable $title
in APPPATH\Views\blog\blog_view.php on line 4.
 1 APPPATH\Views\blog\blog_view.php(4): CodeIgniter\Debug\Exceptions->errorHandler(2, 'Undefined variable $title', 'D:\\web\\PBF\\ci4\\app\\Views\\blog\\blog_view.php', 4)
 2 SYSTEMPATH\View\View.php(228): include('D:\\web\\PBF\\ci4\\app\\Views\\blog\\blog_view.php')
 3 SYSTEMPATH\View\View.php(231): CodeIgniter\View\View->CodeIgniter\View\{closure}()
 4 SYSTEMPATH\Common.php(1178): CodeIgniter\View\View->render('blog/blog_view', [], true)
 5 APPPATH\Controllers\Blog.php(11): view('blog/blog_view')
 6 SYSTEMPATH\CodeIgniter.php(941): App\Controllers\Blog->index()
 7 SYSTEMPATH\CodeIgniter.php(502): CodeIgniter\CodeIgniter->runController(Object(App\Controllers\Blog))
 8 SYSTEMPATH\CodeIgniter.php(361): CodeIgniter\CodeIgniter->handleRequest(null, Object(Config\Cache), false)
 9 FCPATH\index.php(81): CodeIgniter\CodeIgniter->run()
10 SYSTEMPATH\Commands\Server\rewrite.php(47): require_once('D:\\web\\PBF\\ci4\\public\\index.php')
CRITICAL - 2024-03-11 23:36:46 --> ErrorException: Undefined variable $title
in APPPATH\Views\blog\blog_view.php on line 4.
 1 APPPATH\Views\blog\blog_view.php(4): CodeIgniter\Debug\Exceptions->errorHandler(2, 'Undefined variable $title', 'D:\\web\\PBF\\ci4\\app\\Views\\blog\\blog_view.php', 4)
 2 SYSTEMPATH\View\View.php(228): include('D:\\web\\PBF\\ci4\\app\\Views\\blog\\blog_view.php')
 3 SYSTEMPATH\View\View.php(231): CodeIgniter\View\View->CodeIgniter\View\{closure}()
 4 SYSTEMPATH\Common.php(1178): CodeIgniter\View\View->render('blog/blog_view', [], true)
 5 APPPATH\Controllers\Blog.php(11): view('blog/blog_view')
 6 SYSTEMPATH\CodeIgniter.php(941): App\Controllers\Blog->index()
 7 SYSTEMPATH\CodeIgniter.php(502): CodeIgniter\CodeIgniter->runController(Object(App\Controllers\Blog))
 8 SYSTEMPATH\CodeIgniter.php(361): CodeIgniter\CodeIgniter->handleRequest(null, Object(Config\Cache), false)
 9 FCPATH\index.php(81): CodeIgniter\CodeIgniter->run()
10 SYSTEMPATH\Commands\Server\rewrite.php(47): require_once('D:\\web\\PBF\\ci4\\public\\index.php')
CRITICAL - 2024-03-11 23:37:32 --> ErrorException: Undefined variable $title
in APPPATH\Views\blog\blog_view.php on line 4.
 1 APPPATH\Views\blog\blog_view.php(4): CodeIgniter\Debug\Exceptions->errorHandler(2, 'Undefined variable $title', 'D:\\web\\PBF\\ci4\\app\\Views\\blog\\blog_view.php', 4)
 2 SYSTEMPATH\View\View.php(228): include('D:\\web\\PBF\\ci4\\app\\Views\\blog\\blog_view.php')
 3 SYSTEMPATH\View\View.php(231): CodeIgniter\View\View->CodeIgniter\View\{closure}()
 4 SYSTEMPATH\Common.php(1178): CodeIgniter\View\View->render('blog/blog_view', [], true)
 5 APPPATH\Controllers\Blog.php(11): view('blog/blog_view')
 6 SYSTEMPATH\CodeIgniter.php(941): App\Controllers\Blog->index()
 7 SYSTEMPATH\CodeIgniter.php(502): CodeIgniter\CodeIgniter->runController(Object(App\Controllers\Blog))
 8 SYSTEMPATH\CodeIgniter.php(361): CodeIgniter\CodeIgniter->handleRequest(null, Object(Config\Cache), false)
 9 FCPATH\index.php(81): CodeIgniter\CodeIgniter->run()
10 SYSTEMPATH\Commands\Server\rewrite.php(47): require_once('D:\\web\\PBF\\ci4\\public\\index.php')
